<?xml version="1.0" encoding="UTF-8"?>
<robot generator="Robot 7.0 (Python 3.12.2 on win32)" generated="2024-03-29T15:51:26.368052" rpa="false" schemaversion="5">
<suite id="s1" name="Bwpool Project" source="C:\Users\novoz\bwpool_project">
<suite id="s1-s1" name="Tests" source="C:\Users\novoz\bwpool_project\tests">
<suite id="s1-s1-s1" name="Bwpool Tests" source="C:\Users\novoz\bwpool_project\tests\bwpool_tests.robot">
<test id="s1-s1-s1-t1" name="Bwpool.azurewebsites.net Automation Test" line="6">
<kw name="Test Setup" owner="common_resources">
<kw name="Open Browser" owner="SeleniumLibrary">
<msg time="2024-03-29T15:51:26.826669" level="INFO">Opening browser 'Chrome' to base url 'https://bwpool.azurewebsites.net/'.</msg>
<arg>${HOMEPAGE_URL}</arg>
<arg>${BROWSER}</arg>
<doc>Opens a new browser instance to the optional ``url``.</doc>
<status status="PASS" start="2024-03-29T15:51:26.818668" elapsed="10.364433"/>
</kw>
<kw name="Maximize Browser Window" owner="SeleniumLibrary">
<doc>Maximizes current browser window.</doc>
<status status="PASS" start="2024-03-29T15:51:37.183101" elapsed="0.129322"/>
</kw>
<kw name="Title Should Be" owner="SeleniumLibrary">
<msg time="2024-03-29T15:51:37.328802" level="INFO">Page title is 'BWP Index'.</msg>
<arg>${EXPECTED_TITLE}</arg>
<doc>Verifies that the current page title equals ``title``.</doc>
<status status="PASS" start="2024-03-29T15:51:37.312423" elapsed="0.016379"/>
</kw>
<status status="PASS" start="2024-03-29T15:51:26.818668" elapsed="10.510134"/>
</kw>
<kw name="Wait Until Element Is Visible" owner="SeleniumLibrary">
<arg>${PARTNERS_BUTTON}</arg>
<arg>timeout=3s</arg>
<doc>Waits until the element ``locator`` is visible.</doc>
<status status="PASS" start="2024-03-29T15:51:37.337754" elapsed="0.087851"/>
</kw>
<kw name="Sleep" owner="BuiltIn">
<msg time="2024-03-29T15:51:40.425910" level="INFO">Slept 3 seconds.</msg>
<arg>3s</arg>
<doc>Pauses the test executed for the given time.</doc>
<status status="PASS" start="2024-03-29T15:51:37.425605" elapsed="3.000305"/>
</kw>
<kw name="Click Element" owner="SeleniumLibrary">
<msg time="2024-03-29T15:51:40.425910" level="INFO">Clicking element '//a[contains(.,'Partnerek')]'.</msg>
<arg>${PARTNERS_BUTTON}</arg>
<doc>Click the element identified by ``locator``.</doc>
<status status="PASS" start="2024-03-29T15:51:40.425910" elapsed="0.110230"/>
</kw>
<kw name="GET" owner="RequestsLibrary">
<msg time="2024-03-29T15:51:42.906290" level="INFO">GET Request : url=https://random-data-api.com/api/users/random_user?size=1&amp;size=1 
 path_url=/api/users/random_user?size=1&amp;size=1 
 headers={'User-Agent': 'python-requests/2.31.0', 'Accept-Encoding': 'gzip, deflate', 'Accept': '*/*', 'Connection': 'keep-alive'} 
 body=None 
 </msg>
<msg time="2024-03-29T15:51:42.906290" level="INFO">GET Response : url=https://random-data-api.com/api/users/random_user?size=1&amp;size=1 
 status=200, reason=OK 
 headers={'Alt-Svc': 'h3=":443"; ma=2592000', 'Cache-Control': 'max-age=0, private, must-revalidate', 'Content-Encoding': 'gzip', 'Content-Type': 'application/json; charset=utf-8', 'Etag': 'W/"f300e8c20ba497e31a953e9ecdbfe94b"', 'Referrer-Policy': 'strict-origin-when-cross-origin', 'Server': 'Caddy', 'Strict-Transport-Security': 'max-age=63072000; includeSubDomains', 'Vary': 'Origin, Accept-Encoding', 'X-Content-Type-Options': 'nosniff', 'X-Frame-Options': 'SAMEORIGIN', 'X-Permitted-Cross-Domain-Policies': 'none', 'X-Request-Id': 'e7cdd986-2feb-4f06-8f61-02cf84ce76dc', 'X-Runtime': '0.009170', 'X-Xss-Protection': '0', 'Date': 'Fri, 29 Mar 2024 14:51:41 GMT', 'Content-Length': '575'} 
 body=[{"id":8372,"uid":"9ff00e5a-e95e-4b65-bc2e-50249f9776fd","password":"9tgdslEfp5","first_name":"Kum","last_name":"Abshire","username":"kum.abshire","email":"kum.abshire@email.com","avatar":"https://robohash.org/molestiaeametquisquam.png?size=300x300\u0026set=set1","gender":"Genderfluid","phone_number":"+252 636-920-9605","social_insurance_number":"146296371","date_of_birth":"1975-07-20","employment":{"title":"Consulting Developer","key_skill":"Proactive"},"address":{"city":"Boganberg","street_name":"Sawayn Stravenue","street_address":"26138 Ernie Key","zip_code":"44657","state":"Alaska","country":"United States","coordinates":{"lat":31.77477517492717,"lng":-24.987232190975874}},"credit_card":{"cc_number":"4362-2467-6411-2788"},"subscription":{"plan":"Premium","status":"Pending","payment_method":"Visa checkout","term":"Payment in advance"}}] 
 </msg>
<msg time="2024-03-29T15:51:42.906290" level="INFO">${response} = &lt;Response [200]&gt;</msg>
<var>${response}</var>
<arg>${API_URL_1}</arg>
<arg>params=size=1</arg>
<doc>Sends a GET request.</doc>
<status status="PASS" start="2024-03-29T15:51:40.536140" elapsed="2.370150"/>
</kw>
<kw name="Set Variable" owner="BuiltIn">
<msg time="2024-03-29T15:51:42.914914" level="INFO">${user_data} = [{'id': 8372, 'uid': '9ff00e5a-e95e-4b65-bc2e-50249f9776fd', 'password': '9tgdslEfp5', 'first_name': 'Kum', 'last_name': 'Abshire', 'username': 'kum.abshire', 'email': 'kum.abshire@email.com', 'avatar...</msg>
<var>${user_data}</var>
<arg>${response.json()}</arg>
<doc>Returns the given values which can then be assigned to a variables.</doc>
<status status="PASS" start="2024-03-29T15:51:42.913663" elapsed="0.001251"/>
</kw>
<kw name="Wait Until Element Is Visible" owner="SeleniumLibrary">
<arg>${PARTNERS_ADD_BUTTON}</arg>
<arg>timeout=5s</arg>
<doc>Waits until the element ``locator`` is visible.</doc>
<status status="PASS" start="2024-03-29T15:51:42.914914" elapsed="0.056196"/>
</kw>
<kw name="Sleep" owner="BuiltIn">
<msg time="2024-03-29T15:51:47.977181" level="INFO">Slept 5 seconds.</msg>
<arg>5s</arg>
<doc>Pauses the test executed for the given time.</doc>
<status status="PASS" start="2024-03-29T15:51:42.976102" elapsed="5.001079"/>
</kw>
<kw name="Click Element" owner="SeleniumLibrary">
<msg time="2024-03-29T15:51:47.977181" level="INFO">Clicking element '//span[.='Add']'.</msg>
<arg>${PARTNERS_ADD_BUTTON}</arg>
<doc>Click the element identified by ``locator``.</doc>
<status status="PASS" start="2024-03-29T15:51:47.977181" elapsed="0.089123"/>
</kw>
<kw name="Wait Until Element Is Visible" owner="SeleniumLibrary">
<msg time="2024-03-29T15:51:53.395971" level="INFO" html="true">&lt;/td&gt;&lt;/tr&gt;&lt;tr&gt;&lt;td colspan="3"&gt;&lt;a href="selenium-screenshot-628.png"&gt;&lt;img src="selenium-screenshot-628.png" width="800px"&gt;&lt;/a&gt;</msg>
<msg time="2024-03-29T15:51:53.395971" level="FAIL">Element '//input[@id='name']' not visible after 5 seconds.</msg>
<arg>${PARTNERS_ADD_NAME}</arg>
<doc>Waits until the element ``locator`` is visible.</doc>
<status status="FAIL" start="2024-03-29T15:51:48.070746" elapsed="5.338826">Element '//input[@id='name']' not visible after 5 seconds.</status>
</kw>
<kw name="Wait Until Element Is Enabled" owner="SeleniumLibrary">
<arg>${PARTNERS_ADD_SAVE}</arg>
<doc>Waits until the element ``locator`` is enabled.</doc>
<status status="NOT RUN" start="2024-03-29T15:51:53.409572" elapsed="0.000000"/>
</kw>
<kw name="Set Variable" owner="BuiltIn">
<var>${first_name}</var>
<arg>${user_data[0]['first_name']}</arg>
<doc>Returns the given values which can then be assigned to a variables.</doc>
<status status="NOT RUN" start="2024-03-29T15:51:53.409572" elapsed="0.000000"/>
</kw>
<kw name="Set Variable" owner="BuiltIn">
<var>${last_name}</var>
<arg>${user_data[0]['last_name']}</arg>
<doc>Returns the given values which can then be assigned to a variables.</doc>
<status status="NOT RUN" start="2024-03-29T15:51:53.416085" elapsed="0.001371"/>
</kw>
<kw name="Input Text" owner="SeleniumLibrary">
<arg>${PARTNERS_ADD_NAME}</arg>
<arg>${first_name} ${last_name}</arg>
<doc>Types the given ``text`` into the text field identified by ``locator``.</doc>
<status status="NOT RUN" start="2024-03-29T15:51:53.417456" elapsed="0.000000"/>
</kw>
<kw name="Get Element Attribute" owner="SeleniumLibrary">
<var>${first_last_name_value}</var>
<arg>${PARTNERS_ADD_NAME}</arg>
<arg>value</arg>
<doc>Returns the value of ``attribute`` from the element ``locator``.</doc>
<status status="NOT RUN" start="2024-03-29T15:51:53.420875" elapsed="0.000867"/>
</kw>
<kw name="Should Be Equal As Strings" owner="BuiltIn">
<arg>${first_last_name_value}</arg>
<arg>${first_name} ${last_name}</arg>
<doc>Fails if objects are unequal after converting them to strings.</doc>
<status status="NOT RUN" start="2024-03-29T15:51:53.422852" elapsed="0.001505"/>
</kw>
<kw name="Set Variable" owner="BuiltIn">
<var>${email}</var>
<arg>${user_data[0]['email']}</arg>
<doc>Returns the given values which can then be assigned to a variables.</doc>
<status status="NOT RUN" start="2024-03-29T15:51:53.425398" elapsed="0.001277"/>
</kw>
<kw name="Click Element" owner="SeleniumLibrary">
<arg>${PARTNERS_ADD_EMAIL}</arg>
<doc>Click the element identified by ``locator``.</doc>
<status status="NOT RUN" start="2024-03-29T15:51:53.426675" elapsed="0.000000"/>
</kw>
<kw name="Input Text" owner="SeleniumLibrary">
<arg>${PARTNERS_ADD_EMAIL}</arg>
<arg>${email}</arg>
<doc>Types the given ``text`` into the text field identified by ``locator``.</doc>
<status status="NOT RUN" start="2024-03-29T15:51:53.426675" elapsed="0.000000"/>
</kw>
<kw name="Get Element Attribute" owner="SeleniumLibrary">
<var>${email_value}</var>
<arg>${PARTNERS_ADD_EMAIL}</arg>
<arg>value</arg>
<doc>Returns the value of ``attribute`` from the element ``locator``.</doc>
<status status="NOT RUN" start="2024-03-29T15:51:53.433360" elapsed="0.000513"/>
</kw>
<kw name="Should Be Equal As Strings" owner="BuiltIn">
<arg>${email_value}</arg>
<arg>${email}</arg>
<doc>Fails if objects are unequal after converting them to strings.</doc>
<status status="NOT RUN" start="2024-03-29T15:51:53.434908" elapsed="0.000000"/>
</kw>
<kw name="Set Variable" owner="BuiltIn">
<var>${id}</var>
<arg>${user_data[0]['id']}</arg>
<doc>Returns the given values which can then be assigned to a variables.</doc>
<status status="NOT RUN" start="2024-03-29T15:51:53.434908" elapsed="0.003340"/>
</kw>
<kw name="Click Element" owner="SeleniumLibrary">
<arg>${PARTNERS_ADD_COMMENT}</arg>
<doc>Click the element identified by ``locator``.</doc>
<status status="NOT RUN" start="2024-03-29T15:51:53.438248" elapsed="0.003024"/>
</kw>
<kw name="Input Text" owner="SeleniumLibrary">
<arg>${PARTNERS_ADD_COMMENT}</arg>
<arg>${id}</arg>
<doc>Types the given ``text`` into the text field identified by ``locator``.</doc>
<status status="NOT RUN" start="2024-03-29T15:51:53.443417" elapsed="0.000860"/>
</kw>
<kw name="Get Element Attribute" owner="SeleniumLibrary">
<var>${comment_value}</var>
<arg>${PARTNERS_ADD_COMMENT}</arg>
<arg>value</arg>
<doc>Returns the value of ``attribute`` from the element ``locator``.</doc>
<status status="NOT RUN" start="2024-03-29T15:51:53.444277" elapsed="0.002005"/>
</kw>
<kw name="Should Be Equal As Strings" owner="BuiltIn">
<arg>${comment_value}</arg>
<arg>${id}</arg>
<doc>Fails if objects are unequal after converting them to strings.</doc>
<status status="NOT RUN" start="2024-03-29T15:51:53.446282" elapsed="0.002512"/>
</kw>
<kw name="Wait Until Element Is Visible" owner="SeleniumLibrary">
<arg>${PARTNERS_ADD_SAVE}</arg>
<arg>timeout=3s</arg>
<doc>Waits until the element ``locator`` is visible.</doc>
<status status="NOT RUN" start="2024-03-29T15:51:53.449777" elapsed="0.000000"/>
</kw>
<kw name="Click Element" owner="SeleniumLibrary">
<arg>${PARTNERS_ADD_SAVE}</arg>
<doc>Click the element identified by ``locator``.</doc>
<status status="NOT RUN" start="2024-03-29T15:51:53.449777" elapsed="0.000000"/>
</kw>
<kw name="Wait Until Element Is Visible" owner="SeleniumLibrary">
<arg>${LOCATIONS_BUTTON}</arg>
<arg>timeout=3s</arg>
<doc>Waits until the element ``locator`` is visible.</doc>
<status status="NOT RUN" start="2024-03-29T15:51:53.449777" elapsed="0.006042"/>
</kw>
<kw name="Sleep" owner="BuiltIn">
<arg>3s</arg>
<doc>Pauses the test executed for the given time.</doc>
<status status="NOT RUN" start="2024-03-29T15:51:53.456829" elapsed="0.000000"/>
</kw>
<kw name="Click Element" owner="SeleniumLibrary">
<arg>${LOCATIONS_BUTTON}</arg>
<doc>Click the element identified by ``locator``.</doc>
<status status="NOT RUN" start="2024-03-29T15:51:53.456829" elapsed="0.000000"/>
</kw>
<kw name="Wait Until Element Is Enabled" owner="SeleniumLibrary">
<arg>${LOCATIONS_ADD_BUTTON}</arg>
<doc>Waits until the element ``locator`` is enabled.</doc>
<status status="NOT RUN" start="2024-03-29T15:51:53.456829" elapsed="0.000000"/>
</kw>
<kw name="Sleep" owner="BuiltIn">
<arg>3s</arg>
<doc>Pauses the test executed for the given time.</doc>
<status status="NOT RUN" start="2024-03-29T15:51:53.456829" elapsed="0.008007"/>
</kw>
<kw name="Click Element" owner="SeleniumLibrary">
<arg>${LOCATIONS_ADD_BUTTON}</arg>
<doc>Click the element identified by ``locator``.</doc>
<status status="NOT RUN" start="2024-03-29T15:51:53.466549" elapsed="0.000000"/>
</kw>
<kw name="Sleep" owner="BuiltIn">
<arg>3s</arg>
<doc>Pauses the test executed for the given time.</doc>
<status status="NOT RUN" start="2024-03-29T15:51:53.466549" elapsed="0.003818"/>
</kw>
<kw name="Wait Until Element Is Visible" owner="SeleniumLibrary">
<arg>${LOCATIONS_ADD_CUSTOMER}</arg>
<arg>timeout=5s</arg>
<doc>Waits until the element ``locator`` is visible.</doc>
<status status="NOT RUN" start="2024-03-29T15:51:53.471125" elapsed="0.002005"/>
</kw>
<kw name="Click Element" owner="SeleniumLibrary">
<arg>${LOCATIONS_CUSTOMER_DROPDOWN}</arg>
<doc>Click the element identified by ``locator``.</doc>
<status status="NOT RUN" start="2024-03-29T15:51:53.473130" elapsed="0.000000"/>
</kw>
<kw name="Input Text" owner="SeleniumLibrary">
<arg>${LOCATIONS_ADD_CUSTOMER}</arg>
<arg>${first_name} ${last_name}</arg>
<doc>Types the given ``text`` into the text field identified by ``locator``.</doc>
<status status="NOT RUN" start="2024-03-29T15:51:53.473130" elapsed="0.000000"/>
</kw>
<kw name="Sleep" owner="BuiltIn">
<arg>5s</arg>
<doc>Pauses the test executed for the given time.</doc>
<status status="NOT RUN" start="2024-03-29T15:51:53.473130" elapsed="0.000000"/>
</kw>
<kw name="Click Element" owner="SeleniumLibrary">
<arg>${LOCATIONS_CUSTOMER_DROPDOWN}</arg>
<doc>Click the element identified by ``locator``.</doc>
<status status="NOT RUN" start="2024-03-29T15:51:53.481135" elapsed="0.000000"/>
</kw>
<kw name="Set Variable" owner="BuiltIn">
<var>${partner_city}</var>
<arg>${user_data}[0][address][city]</arg>
<doc>Returns the given values which can then be assigned to a variables.</doc>
<status status="NOT RUN" start="2024-03-29T15:51:53.481135" elapsed="0.000000"/>
</kw>
<kw name="Click Element" owner="SeleniumLibrary">
<arg>${LOCATIONS_ADD_CITY}</arg>
<doc>Click the element identified by ``locator``.</doc>
<status status="NOT RUN" start="2024-03-29T15:51:53.481135" elapsed="0.000000"/>
</kw>
<kw name="Input Text" owner="SeleniumLibrary">
<arg>${LOCATIONS_ADD_CITY}</arg>
<arg>${partner_city}</arg>
<doc>Types the given ``text`` into the text field identified by ``locator``.</doc>
<status status="NOT RUN" start="2024-03-29T15:51:53.481135" elapsed="0.000000"/>
</kw>
<kw name="Get Element Attribute" owner="SeleniumLibrary">
<var>${partner_city_value}</var>
<arg>${LOCATIONS_ADD_CITY}</arg>
<arg>value</arg>
<doc>Returns the value of ``attribute`` from the element ``locator``.</doc>
<status status="NOT RUN" start="2024-03-29T15:51:53.481135" elapsed="0.007996"/>
</kw>
<kw name="Should Be Equal As Strings" owner="BuiltIn">
<arg>${partner_city_value}</arg>
<arg>${partner_city}</arg>
<doc>Fails if objects are unequal after converting them to strings.</doc>
<status status="NOT RUN" start="2024-03-29T15:51:53.489131" elapsed="0.000000"/>
</kw>
<kw name="Set Variable" owner="BuiltIn">
<var>${partner_zip_code}</var>
<arg>${user_data}[0][address][zip_code]</arg>
<doc>Returns the given values which can then be assigned to a variables.</doc>
<status status="NOT RUN" start="2024-03-29T15:51:53.489131" elapsed="0.000000"/>
</kw>
<kw name="Click Element" owner="SeleniumLibrary">
<arg>${LOCATIONS_ADD_ZIP}</arg>
<doc>Click the element identified by ``locator``.</doc>
<status status="NOT RUN" start="2024-03-29T15:51:53.489131" elapsed="0.007998"/>
</kw>
<kw name="Input Text" owner="SeleniumLibrary">
<arg>${LOCATIONS_ADD_ZIP}</arg>
<arg>${partner_zip_code}</arg>
<doc>Types the given ``text`` into the text field identified by ``locator``.</doc>
<status status="NOT RUN" start="2024-03-29T15:51:53.497129" elapsed="0.000000"/>
</kw>
<kw name="Set Variable" owner="BuiltIn">
<var>${partner_street_name}</var>
<arg>${user_data}[0][address][street_name]</arg>
<doc>Returns the given values which can then be assigned to a variables.</doc>
<status status="NOT RUN" start="2024-03-29T15:51:53.497129" elapsed="0.000000"/>
</kw>
<kw name="Click Element" owner="SeleniumLibrary">
<arg>${LOCATIONS_ADD_STREET}</arg>
<doc>Click the element identified by ``locator``.</doc>
<status status="NOT RUN" start="2024-03-29T15:51:53.505646" elapsed="0.001125"/>
</kw>
<kw name="Input Text" owner="SeleniumLibrary">
<arg>${LOCATIONS_ADD_STREET}</arg>
<arg>${partner_street_name}</arg>
<doc>Types the given ``text`` into the text field identified by ``locator``.</doc>
<status status="NOT RUN" start="2024-03-29T15:51:53.506771" elapsed="0.000000"/>
</kw>
<kw name="Get Element Attribute" owner="SeleniumLibrary">
<var>${partner_street_name_value}</var>
<arg>${LOCATIONS_ADD_STREET}</arg>
<arg>value</arg>
<doc>Returns the value of ``attribute`` from the element ``locator``.</doc>
<status status="NOT RUN" start="2024-03-29T15:51:53.513303" elapsed="0.000000"/>
</kw>
<kw name="Should Be Equal As Strings" owner="BuiltIn">
<arg>${partner_street_name_value}</arg>
<arg>${partner_street_name}</arg>
<doc>Fails if objects are unequal after converting them to strings.</doc>
<status status="NOT RUN" start="2024-03-29T15:51:53.513303" elapsed="0.000000"/>
</kw>
<kw name="Set Variable" owner="BuiltIn">
<var>${partner_street_number}</var>
<arg>${user_data}[0][address][street_address]</arg>
<doc>Returns the given values which can then be assigned to a variables.</doc>
<status status="NOT RUN" start="2024-03-29T15:51:53.519926" elapsed="0.000000"/>
</kw>
<kw name="Click Element" owner="SeleniumLibrary">
<arg>${LOCATIONS_ADD_STREET_NUMBER}</arg>
<doc>Click the element identified by ``locator``.</doc>
<status status="NOT RUN" start="2024-03-29T15:51:53.522383" elapsed="0.000000"/>
</kw>
<kw name="Input Text" owner="SeleniumLibrary">
<arg>${LOCATIONS_ADD_STREET_NUMBER}</arg>
<arg>${partner_street_number}</arg>
<doc>Types the given ``text`` into the text field identified by ``locator``.</doc>
<status status="NOT RUN" start="2024-03-29T15:51:53.522383" elapsed="0.000000"/>
</kw>
<kw name="Wait Until Element Is Visible" owner="SeleniumLibrary">
<arg>${LOCATIONS_ADD_SAVE}</arg>
<arg>timeout=3s</arg>
<doc>Waits until the element ``locator`` is visible.</doc>
<status status="NOT RUN" start="2024-03-29T15:51:53.522383" elapsed="0.000000"/>
</kw>
<kw name="Click Element" owner="SeleniumLibrary">
<arg>${LOCATIONS_ADD_SAVE}</arg>
<doc>Click the element identified by ``locator``.</doc>
<status status="NOT RUN" start="2024-03-29T15:51:53.530741" elapsed="0.000000"/>
</kw>
<kw name="GET" owner="RequestsLibrary">
<var>${response}</var>
<arg>${API_URL_2}</arg>
<arg>params=size=2</arg>
<doc>Sends a GET request.</doc>
<status status="NOT RUN" start="2024-03-29T15:51:53.530741" elapsed="0.000000"/>
</kw>
<kw name="Set Variable" owner="BuiltIn">
<var>${tools_data}</var>
<arg>${response.json()}</arg>
<doc>Returns the given values which can then be assigned to a variables.</doc>
<status status="NOT RUN" start="2024-03-29T15:51:53.530741" elapsed="0.000000"/>
</kw>
<kw name="Wait Until Element Is Visible" owner="SeleniumLibrary">
<arg>${TOOLS_BUTTON}</arg>
<arg>timeout=3s</arg>
<doc>Waits until the element ``locator`` is visible.</doc>
<status status="NOT RUN" start="2024-03-29T15:51:53.530741" elapsed="0.008683"/>
</kw>
<kw name="Sleep" owner="BuiltIn">
<arg>3s</arg>
<doc>Pauses the test executed for the given time.</doc>
<status status="NOT RUN" start="2024-03-29T15:51:53.539424" elapsed="0.000000"/>
</kw>
<kw name="Click Element" owner="SeleniumLibrary">
<arg>${TOOLS_BUTTON}</arg>
<doc>Click the element identified by ``locator``.</doc>
<status status="NOT RUN" start="2024-03-29T15:51:53.539424" elapsed="0.007010"/>
</kw>
<kw name="Wait Until Element Is Visible" owner="SeleniumLibrary">
<arg>${TOOLS_ADD_BUTTON}</arg>
<doc>Waits until the element ``locator`` is visible.</doc>
<status status="NOT RUN" start="2024-03-29T15:51:53.548153" elapsed="0.000000"/>
</kw>
<kw name="Sleep" owner="BuiltIn">
<arg>3s</arg>
<doc>Pauses the test executed for the given time.</doc>
<status status="NOT RUN" start="2024-03-29T15:51:53.553156" elapsed="0.002868"/>
</kw>
<kw name="Click Element" owner="SeleniumLibrary">
<arg>${TOOLS_ADD_BUTTON}</arg>
<doc>Click the element identified by ``locator``.</doc>
<status status="NOT RUN" start="2024-03-29T15:51:53.556024" elapsed="0.000000"/>
</kw>
<kw name="Sleep" owner="BuiltIn">
<arg>3s</arg>
<doc>Pauses the test executed for the given time.</doc>
<status status="NOT RUN" start="2024-03-29T15:51:53.559901" elapsed="0.000000"/>
</kw>
<kw name="Set Variable" owner="BuiltIn">
<var>${tools_'neve'_manufacturer}</var>
<arg>${tools_data[0]['manufacturer']}</arg>
<doc>Returns the given values which can then be assigned to a variables.</doc>
<status status="NOT RUN" start="2024-03-29T15:51:53.559901" elapsed="0.003015"/>
</kw>
<kw name="Set Variable" owner="BuiltIn">
<var>${tools_'neve'_model}</var>
<arg>${tools_data[0]['model']}</arg>
<doc>Returns the given values which can then be assigned to a variables.</doc>
<status status="NOT RUN" start="2024-03-29T15:51:53.564953" elapsed="0.000000"/>
</kw>
<kw name="Input Text" owner="SeleniumLibrary">
<arg>${TOOLS_'NEVE'_INPUT}</arg>
<arg>${tools_'neve'_manufacturer} ${tools_'neve'_model}</arg>
<doc>Types the given ``text`` into the text field identified by ``locator``.</doc>
<status status="NOT RUN" start="2024-03-29T15:51:53.564953" elapsed="0.000000"/>
</kw>
<kw name="Get Element Attribute" owner="SeleniumLibrary">
<var>${tools_'neve'_value}</var>
<arg>${TOOLS_'NEVE'_INPUT}</arg>
<arg>value</arg>
<doc>Returns the value of ``attribute`` from the element ``locator``.</doc>
<status status="NOT RUN" start="2024-03-29T15:51:53.564953" elapsed="0.005467"/>
</kw>
<kw name="Should Be Equal As Strings" owner="BuiltIn">
<arg>${tools_'neve'_value}</arg>
<arg>${tools_'neve'_manufacturer} ${tools_'neve'_model}</arg>
<doc>Fails if objects are unequal after converting them to strings.</doc>
<status status="NOT RUN" start="2024-03-29T15:51:53.570420" elapsed="0.002739"/>
</kw>
<kw name="Sleep" owner="BuiltIn">
<arg>3s</arg>
<doc>Pauses the test executed for the given time.</doc>
<status status="NOT RUN" start="2024-03-29T15:51:53.574780" elapsed="0.001221"/>
</kw>
<kw name="Input Text" owner="SeleniumLibrary">
<arg>${TOOLS_USER_NAME_DROPDOWN}</arg>
<arg>${first_name} ${last_name}</arg>
<doc>Types the given ``text`` into the text field identified by ``locator``.</doc>
<status status="NOT RUN" start="2024-03-29T15:51:53.578509" elapsed="0.000000"/>
</kw>
<kw name="Sleep" owner="BuiltIn">
<arg>3s</arg>
<doc>Pauses the test executed for the given time.</doc>
<status status="NOT RUN" start="2024-03-29T15:51:53.578509" elapsed="0.000000"/>
</kw>
<kw name="Set Variable" owner="BuiltIn">
<var>${tools_'leiras'}</var>
<arg>${tools_data[0]['platform']}</arg>
<doc>Returns the given values which can then be assigned to a variables.</doc>
<status status="NOT RUN" start="2024-03-29T15:51:53.578509" elapsed="0.007447"/>
</kw>
<kw name="Input Text" owner="SeleniumLibrary">
<arg>${TOOLS_'LEIRAS'_INPUT}</arg>
<arg>${tools'leiras'}</arg>
<doc>Types the given ``text`` into the text field identified by ``locator``.</doc>
<status status="NOT RUN" start="2024-03-29T15:51:53.586974" elapsed="0.002916"/>
</kw>
<kw name="Get Element Attribute" owner="SeleniumLibrary">
<var>${tools'leiras'_value}</var>
<arg>${TOOLS_'LEIRAS'_INPUT}</arg>
<arg>value</arg>
<doc>Returns the value of ``attribute`` from the element ``locator``.</doc>
<status status="NOT RUN" start="2024-03-29T15:51:53.591405" elapsed="0.000509"/>
</kw>
<kw name="Should Be Equal As Strings" owner="BuiltIn">
<arg>${tools'leiras'_value}</arg>
<arg>${tools_'leiras'}</arg>
<doc>Fails if objects are unequal after converting them to strings.</doc>
<status status="NOT RUN" start="2024-03-29T15:51:53.594731" elapsed="0.000000"/>
</kw>
<kw name="Set Variable" owner="BuiltIn">
<var>${tools_'megjegyzes'}</var>
<arg>${tools_data[0]['serial_number']}</arg>
<doc>Returns the given values which can then be assigned to a variables.</doc>
<status status="NOT RUN" start="2024-03-29T15:51:53.594731" elapsed="0.000000"/>
</kw>
<kw name="Input Text" owner="SeleniumLibrary">
<arg>${TOOLS_'MEGJEGYZES'_INPUT}</arg>
<arg>${tools'megjegyzes'}</arg>
<doc>Types the given ``text`` into the text field identified by ``locator``.</doc>
<status status="NOT RUN" start="2024-03-29T15:51:53.598110" elapsed="0.000000"/>
</kw>
<kw name="Get Element Attribute" owner="SeleniumLibrary">
<var>${tools'megjegyzes'_value}</var>
<arg>${TOOLS_'MEGJEGYZES'_INPUT}</arg>
<arg>value</arg>
<doc>Returns the value of ``attribute`` from the element ``locator``.</doc>
<status status="NOT RUN" start="2024-03-29T15:51:53.598110" elapsed="0.000000"/>
</kw>
<kw name="Should Be Equal As Strings" owner="BuiltIn">
<arg>${tools'megjegyzes'_value}</arg>
<arg>${tools_'megjegyzes'}</arg>
<doc>Fails if objects are unequal after converting them to strings.</doc>
<status status="NOT RUN" start="2024-03-29T15:51:53.603121" elapsed="0.000000"/>
</kw>
<kw name="Sleep" owner="BuiltIn">
<arg>5s</arg>
<doc>Pauses the test executed for the given time.</doc>
<status status="NOT RUN" start="2024-03-29T15:51:53.605872" elapsed="0.000000"/>
</kw>
<kw name="Click Element" owner="SeleniumLibrary">
<arg>${TOOLS_SAVE_BUTTON}</arg>
<doc>Click the element identified by ``locator``.</doc>
<status status="NOT RUN" start="2024-03-29T15:51:53.608454" elapsed="0.000000"/>
</kw>
<kw name="Wait Until Element Is Visible" owner="SeleniumLibrary">
<arg>${TOOLS_EXCEL_EXPORT_MENU}</arg>
<arg>timeout=3s</arg>
<doc>Waits until the element ``locator`` is visible.</doc>
<status status="NOT RUN" start="2024-03-29T15:51:53.612163" elapsed="0.000652"/>
</kw>
<kw name="Click Element" owner="SeleniumLibrary">
<arg>${TOOLS_EXCEL_EXPORT_MENU}</arg>
<doc>Click the element identified by ``locator``.</doc>
<status status="NOT RUN" start="2024-03-29T15:51:53.612815" elapsed="0.000000"/>
</kw>
<kw name="Wait Until Element Is Visible" owner="SeleniumLibrary">
<arg>${LOCATIONS_BUTTON}</arg>
<arg>timeout=3s</arg>
<doc>Waits until the element ``locator`` is visible.</doc>
<status status="NOT RUN" start="2024-03-29T15:51:53.612815" elapsed="0.000000"/>
</kw>
<kw name="Click Element" owner="SeleniumLibrary">
<arg>${LOCATIONS_BUTTON}</arg>
<doc>Click the element identified by ``locator``.</doc>
<status status="NOT RUN" start="2024-03-29T15:51:53.612815" elapsed="0.007861"/>
</kw>
<kw name="Wait Until Element Is Visible" owner="SeleniumLibrary">
<arg>${LOCATIONS_SEARCH_INPUT}</arg>
<arg>timeout=3s</arg>
<doc>Waits until the element ``locator`` is visible.</doc>
<status status="NOT RUN" start="2024-03-29T15:51:53.620676" elapsed="0.003251"/>
</kw>
<kw name="Click Element" owner="SeleniumLibrary">
<arg>${LOCATIONS_SEARCH_INPUT}</arg>
<doc>Click the element identified by ``locator``.</doc>
<status status="NOT RUN" start="2024-03-29T15:51:53.623927" elapsed="0.002118"/>
</kw>
<kw name="Sleep" owner="BuiltIn">
<arg>2s</arg>
<doc>Pauses the test executed for the given time.</doc>
<status status="NOT RUN" start="2024-03-29T15:51:53.628057" elapsed="0.000000"/>
</kw>
<kw name="Input Text" owner="SeleniumLibrary">
<arg>${LOCATIONS_SEARCH_INPUT}</arg>
<arg>${first_name} ${last_name}</arg>
<doc>Types the given ``text`` into the text field identified by ``locator``.</doc>
<status status="NOT RUN" start="2024-03-29T15:51:53.628057" elapsed="0.002418"/>
</kw>
<kw name="Get Element Attribute" owner="SeleniumLibrary">
<var>${name_value}</var>
<arg>${LOCATIONS_SEARCH_INPUT}</arg>
<arg>value</arg>
<doc>Returns the value of ``attribute`` from the element ``locator``.</doc>
<status status="NOT RUN" start="2024-03-29T15:51:53.630475" elapsed="0.003965"/>
</kw>
<kw name="Should Be Equal As Strings" owner="BuiltIn">
<arg>${name_value}</arg>
<arg>${first_name} ${last_name}</arg>
<doc>Fails if objects are unequal after converting them to strings.</doc>
<status status="NOT RUN" start="2024-03-29T15:51:53.636450" elapsed="0.000000"/>
</kw>
<kw name="Wait Until Element Is Visible" owner="SeleniumLibrary">
<arg>${LOCATION_SEARCH_BUTTON}</arg>
<arg>timeout=3s</arg>
<doc>Waits until the element ``locator`` is visible.</doc>
<status status="NOT RUN" start="2024-03-29T15:51:53.636450" elapsed="0.003367"/>
</kw>
<kw name="Click Element" owner="SeleniumLibrary">
<arg>${LOCATION_SEARCH_BUTTON}</arg>
<doc>Click the element identified by ``locator``.</doc>
<status status="NOT RUN" start="2024-03-29T15:51:53.644499" elapsed="0.000000"/>
</kw>
<kw name="Wait Until Element Is Visible" owner="SeleniumLibrary">
<arg>${LOCATION_NAVIGATION_BUTTON}</arg>
<doc>Waits until the element ``locator`` is visible.</doc>
<status status="NOT RUN" start="2024-03-29T15:51:53.646515" elapsed="0.002986"/>
</kw>
<kw name="Click Element" owner="SeleniumLibrary">
<arg>${LOCATION_NAVIGATION_BUTTON}</arg>
<doc>Click the element identified by ``locator``.</doc>
<status status="NOT RUN" start="2024-03-29T15:51:53.651122" elapsed="0.000838"/>
</kw>
<kw name="Test Teardown" owner="common_resources">
<status status="NOT RUN" start="2024-03-29T15:51:53.653813" elapsed="0.000000"/>
</kw>
<status status="FAIL" start="2024-03-29T15:51:26.818668" elapsed="26.835145">Element '//input[@id='name']' not visible after 5 seconds.</status>
</test>
<status status="FAIL" start="2024-03-29T15:51:26.416224" elapsed="27.247194"/>
</suite>
<status status="FAIL" start="2024-03-29T15:51:26.408716" elapsed="27.262583"/>
</suite>
<status status="FAIL" start="2024-03-29T15:51:26.376049" elapsed="27.302317"/>
</suite>
<statistics>
<total>
<stat pass="0" fail="1" skip="0">All Tests</stat>
</total>
<tag>
</tag>
<suite>
<stat pass="0" fail="1" skip="0" id="s1" name="Bwpool Project">Bwpool Project</stat>
<stat pass="0" fail="1" skip="0" id="s1-s1" name="Tests">Bwpool Project.Tests</stat>
<stat pass="0" fail="1" skip="0" id="s1-s1-s1" name="Bwpool Tests">Bwpool Project.Tests.Bwpool Tests</stat>
</suite>
</statistics>
<errors>
</errors>
</robot>
