<?xml version="1.0" encoding="UTF-8"?>
<robot generator="Robot 7.0 (Python 3.12.2 on win32)" generated="2024-03-28T15:24:31.051413" rpa="false" schemaversion="5">
<suite id="s1" name="Bwpool Project" source="C:\Users\novoz\bwpool_project">
<suite id="s1-s1" name="Tests" source="C:\Users\novoz\bwpool_project\tests">
<suite id="s1-s1-s1" name="Bwpool Tests" source="C:\Users\novoz\bwpool_project\tests\bwpool_tests.robot">
<test id="s1-s1-s1-t1" name="Bwpool.azurewebsites.net Automation Test" line="6">
<kw name="Test Setup" owner="common_resources">
<kw name="Open Browser" owner="SeleniumLibrary">
<msg time="2024-03-28T15:24:31.410982" level="INFO">Opening browser 'Chrome' to base url 'https://bwpool.azurewebsites.net/'.</msg>
<arg>${HOMEPAGE_URL}</arg>
<arg>${BROWSER}</arg>
<doc>Opens a new browser instance to the optional ``url``.</doc>
<status status="PASS" start="2024-03-28T15:24:31.409983" elapsed="4.625796"/>
</kw>
<kw name="Maximize Browser Window" owner="SeleniumLibrary">
<doc>Maximizes current browser window.</doc>
<status status="PASS" start="2024-03-28T15:24:36.035779" elapsed="0.121000"/>
</kw>
<kw name="Title Should Be" owner="SeleniumLibrary">
<msg time="2024-03-28T15:24:36.168234" level="INFO">Page title is 'BWP Index'.</msg>
<arg>${EXPECTED_TITLE}</arg>
<doc>Verifies that the current page title equals ``title``.</doc>
<status status="PASS" start="2024-03-28T15:24:36.156779" elapsed="0.011455"/>
</kw>
<status status="PASS" start="2024-03-28T15:24:31.408010" elapsed="4.760224"/>
</kw>
<kw name="Wait Until Element Is Visible" owner="SeleniumLibrary">
<arg>${PARTNERS_BUTTON}</arg>
<arg>timeout=3s</arg>
<doc>Waits until the element ``locator`` is visible.</doc>
<status status="PASS" start="2024-03-28T15:24:36.169231" elapsed="0.049030"/>
</kw>
<kw name="Sleep" owner="BuiltIn">
<msg time="2024-03-28T15:24:39.220993" level="INFO">Slept 3 seconds.</msg>
<arg>3s</arg>
<doc>Pauses the test executed for the given time.</doc>
<status status="PASS" start="2024-03-28T15:24:36.219228" elapsed="3.001765"/>
</kw>
<kw name="Click Element" owner="SeleniumLibrary">
<msg time="2024-03-28T15:24:39.225010" level="INFO">Clicking element '//a[contains(.,'Partnerek')]'.</msg>
<arg>${PARTNERS_BUTTON}</arg>
<doc>Click the element identified by ``locator``.</doc>
<status status="PASS" start="2024-03-28T15:24:39.222997" elapsed="0.115918"/>
</kw>
<kw name="GET" owner="RequestsLibrary">
<msg time="2024-03-28T15:24:40.449587" level="INFO">GET Request : url=https://random-data-api.com/api/users/random_user?size=1&amp;size=1 
 path_url=/api/users/random_user?size=1&amp;size=1 
 headers={'User-Agent': 'python-requests/2.31.0', 'Accept-Encoding': 'gzip, deflate', 'Accept': '*/*', 'Connection': 'keep-alive'} 
 body=None 
 </msg>
<msg time="2024-03-28T15:24:40.450923" level="INFO">GET Response : url=https://random-data-api.com/api/users/random_user?size=1&amp;size=1 
 status=200, reason=OK 
 headers={'Alt-Svc': 'h3=":443"; ma=2592000', 'Cache-Control': 'max-age=0, private, must-revalidate', 'Content-Encoding': 'gzip', 'Content-Type': 'application/json; charset=utf-8', 'Etag': 'W/"8055fe07e75bae1138a14c85d51b8c10"', 'Referrer-Policy': 'strict-origin-when-cross-origin', 'Server': 'Caddy', 'Strict-Transport-Security': 'max-age=63072000; includeSubDomains', 'Vary': 'Origin, Accept-Encoding', 'X-Content-Type-Options': 'nosniff', 'X-Frame-Options': 'SAMEORIGIN', 'X-Permitted-Cross-Domain-Policies': 'none', 'X-Request-Id': 'ce5573fe-74b2-4d1b-9179-bf3d14437528', 'X-Runtime': '0.011902', 'X-Xss-Protection': '0', 'Date': 'Thu, 28 Mar 2024 14:24:39 GMT', 'Content-Length': '600'} 
 body=[{"id":6230,"uid":"6ada1d08-a67f-46f9-be66-901ca4f0c2ed","password":"jdmoi6ZIxA","first_name":"Micki","last_name":"Torp","username":"micki.torp","email":"micki.torp@email.com","avatar":"https://robohash.org/laudantiumdoloribusautem.png?size=300x300\u0026set=set1","gender":"Male","phone_number":"+509 (697) 393-9574 x78862","social_insurance_number":"586249443","date_of_birth":"1974-09-29","employment":{"title":"Principal Marketing Facilitator","key_skill":"Work under pressure"},"address":{"city":"Bednarton","street_name":"Hyacinth Plains","street_address":"81028 Grimes Causeway","zip_code":"37155","state":"Pennsylvania","country":"United States","coordinates":{"lat":-72.38940468420381,"lng":-22.893398925022183}},"credit_card":{"cc_number":"6771-8941-6226-1598"},"subscription":{"plan":"Silver","status":"Active","payment_method":"Cash","term":"Payment in advance"}}] 
 </msg>
<msg time="2024-03-28T15:24:40.451927" level="INFO">${response} = &lt;Response [200]&gt;</msg>
<var>${response}</var>
<arg>${API_URL_1}</arg>
<arg>params=size=1</arg>
<doc>Sends a GET request.</doc>
<status status="PASS" start="2024-03-28T15:24:39.339911" elapsed="1.113404"/>
</kw>
<kw name="Set Variable" owner="BuiltIn">
<msg time="2024-03-28T15:24:40.459307" level="INFO">${user_data} = [{'id': 6230, 'uid': '6ada1d08-a67f-46f9-be66-901ca4f0c2ed', 'password': 'jdmoi6ZIxA', 'first_name': 'Micki', 'last_name': 'Torp', 'username': 'micki.torp', 'email': 'micki.torp@email.com', 'avatar': ...</msg>
<var>${user_data}</var>
<arg>${response.json()}</arg>
<doc>Returns the given values which can then be assigned to a variables.</doc>
<status status="PASS" start="2024-03-28T15:24:40.456312" elapsed="0.002995"/>
</kw>
<kw name="Wait Until Element Is Visible" owner="SeleniumLibrary">
<arg>${PARTNERS_ADD_BUTTON}</arg>
<arg>timeout=5s</arg>
<doc>Waits until the element ``locator`` is visible.</doc>
<status status="PASS" start="2024-03-28T15:24:40.461916" elapsed="0.043108"/>
</kw>
<kw name="Sleep" owner="BuiltIn">
<msg time="2024-03-28T15:24:45.508342" level="INFO">Slept 5 seconds.</msg>
<arg>5s</arg>
<doc>Pauses the test executed for the given time.</doc>
<status status="PASS" start="2024-03-28T15:24:40.506105" elapsed="5.002237"/>
</kw>
<kw name="Click Element" owner="SeleniumLibrary">
<msg time="2024-03-28T15:24:45.512366" level="INFO">Clicking element '//span[.='Add']'.</msg>
<arg>${PARTNERS_ADD_BUTTON}</arg>
<doc>Click the element identified by ``locator``.</doc>
<status status="PASS" start="2024-03-28T15:24:45.510375" elapsed="0.099749"/>
</kw>
<kw name="Wait Until Element Is Visible" owner="SeleniumLibrary">
<arg>${PARTNERS_ADD_NAME}</arg>
<doc>Waits until the element ``locator`` is visible.</doc>
<status status="PASS" start="2024-03-28T15:24:45.611332" elapsed="1.250481"/>
</kw>
<kw name="Wait Until Element Is Enabled" owner="SeleniumLibrary">
<arg>${PARTNERS_ADD_SAVE}</arg>
<doc>Waits until the element ``locator`` is enabled.</doc>
<status status="PASS" start="2024-03-28T15:24:46.863121" elapsed="0.049365"/>
</kw>
<kw name="Set Variable" owner="BuiltIn">
<msg time="2024-03-28T15:24:46.915486" level="INFO">${first_name} = Micki</msg>
<var>${first_name}</var>
<arg>${user_data[0]['first_name']}</arg>
<doc>Returns the given values which can then be assigned to a variables.</doc>
<status status="PASS" start="2024-03-28T15:24:46.913491" elapsed="0.001995"/>
</kw>
<kw name="Set Variable" owner="BuiltIn">
<msg time="2024-03-28T15:24:46.918473" level="INFO">${last_name} = Torp</msg>
<var>${last_name}</var>
<arg>${user_data[0]['last_name']}</arg>
<doc>Returns the given values which can then be assigned to a variables.</doc>
<status status="PASS" start="2024-03-28T15:24:46.916481" elapsed="0.002991"/>
</kw>
<kw name="Input Text" owner="SeleniumLibrary">
<msg time="2024-03-28T15:24:46.920469" level="INFO">Typing text 'Micki Torp' into text field '//input[@id='name']'.</msg>
<arg>${PARTNERS_ADD_NAME}</arg>
<arg>${first_name} ${last_name}</arg>
<doc>Types the given ``text`` into the text field identified by ``locator``.</doc>
<status status="PASS" start="2024-03-28T15:24:46.919472" elapsed="0.137706"/>
</kw>
<kw name="Get Element Attribute" owner="SeleniumLibrary">
<msg time="2024-03-28T15:24:47.080248" level="INFO">${first_last_name_value} = Micki Torp</msg>
<var>${first_last_name_value}</var>
<arg>${PARTNERS_ADD_NAME}</arg>
<arg>value</arg>
<doc>Returns the value of ``attribute`` from the element ``locator``.</doc>
<status status="PASS" start="2024-03-28T15:24:47.058175" elapsed="0.023080"/>
</kw>
<kw name="Should Be Equal As Strings" owner="BuiltIn">
<arg>${first_last_name_value}</arg>
<arg>${first_name} ${last_name}</arg>
<doc>Fails if objects are unequal after converting them to strings.</doc>
<status status="PASS" start="2024-03-28T15:24:47.081255" elapsed="0.000988"/>
</kw>
<kw name="Set Variable" owner="BuiltIn">
<msg time="2024-03-28T15:24:47.085236" level="INFO">${email} = micki.torp@email.com</msg>
<var>${email}</var>
<arg>${user_data[0]['email']}</arg>
<doc>Returns the given values which can then be assigned to a variables.</doc>
<status status="PASS" start="2024-03-28T15:24:47.083297" elapsed="0.002970"/>
</kw>
<kw name="Click Element" owner="SeleniumLibrary">
<msg time="2024-03-28T15:24:47.088224" level="INFO">Clicking element '//input[@id='email']'.</msg>
<arg>${PARTNERS_ADD_EMAIL}</arg>
<doc>Click the element identified by ``locator``.</doc>
<status status="PASS" start="2024-03-28T15:24:47.087226" elapsed="0.091578"/>
</kw>
<kw name="Input Text" owner="SeleniumLibrary">
<msg time="2024-03-28T15:24:47.180910" level="INFO">Typing text 'micki.torp@email.com' into text field '//input[@id='email']'.</msg>
<arg>${PARTNERS_ADD_EMAIL}</arg>
<arg>${email}</arg>
<doc>Types the given ``text`` into the text field identified by ``locator``.</doc>
<status status="PASS" start="2024-03-28T15:24:47.180910" elapsed="0.112106"/>
</kw>
<kw name="Get Element Attribute" owner="SeleniumLibrary">
<msg time="2024-03-28T15:24:47.314769" level="INFO">${email_value} = micki.torp@email.com</msg>
<var>${email_value}</var>
<arg>${PARTNERS_ADD_EMAIL}</arg>
<arg>value</arg>
<doc>Returns the value of ``attribute`` from the element ``locator``.</doc>
<status status="PASS" start="2024-03-28T15:24:47.295016" elapsed="0.019753"/>
</kw>
<kw name="Should Be Equal As Strings" owner="BuiltIn">
<arg>${email_value}</arg>
<arg>${email}</arg>
<doc>Fails if objects are unequal after converting them to strings.</doc>
<status status="PASS" start="2024-03-28T15:24:47.315765" elapsed="0.001022"/>
</kw>
<kw name="Set Variable" owner="BuiltIn">
<msg time="2024-03-28T15:24:47.318759" level="INFO">${id} = 6230</msg>
<var>${id}</var>
<arg>${user_data[0]['id']}</arg>
<doc>Returns the given values which can then be assigned to a variables.</doc>
<status status="PASS" start="2024-03-28T15:24:47.316787" elapsed="0.002969"/>
</kw>
<kw name="Click Element" owner="SeleniumLibrary">
<msg time="2024-03-28T15:24:47.321746" level="INFO">Clicking element '//input[@id='comment']'.</msg>
<arg>${PARTNERS_ADD_COMMENT}</arg>
<doc>Click the element identified by ``locator``.</doc>
<status status="PASS" start="2024-03-28T15:24:47.320758" elapsed="0.073728"/>
</kw>
<kw name="Input Text" owner="SeleniumLibrary">
<msg time="2024-03-28T15:24:47.397228" level="INFO">Typing text '6230' into text field '//input[@id='comment']'.</msg>
<arg>${PARTNERS_ADD_COMMENT}</arg>
<arg>${id}</arg>
<doc>Types the given ``text`` into the text field identified by ``locator``.</doc>
<status status="PASS" start="2024-03-28T15:24:47.395732" elapsed="0.091399"/>
</kw>
<kw name="Get Element Attribute" owner="SeleniumLibrary">
<msg time="2024-03-28T15:24:47.508352" level="INFO">${comment_value} = 6230</msg>
<var>${comment_value}</var>
<arg>${PARTNERS_ADD_COMMENT}</arg>
<arg>value</arg>
<doc>Returns the value of ``attribute`` from the element ``locator``.</doc>
<status status="PASS" start="2024-03-28T15:24:47.487687" elapsed="0.020665"/>
</kw>
<kw name="Should Be Equal As Strings" owner="BuiltIn">
<msg time="2024-03-28T15:24:47.510343" level="INFO">Argument types are:
&lt;class 'str'&gt;
&lt;class 'int'&gt;</msg>
<arg>${comment_value}</arg>
<arg>${id}</arg>
<doc>Fails if objects are unequal after converting them to strings.</doc>
<status status="PASS" start="2024-03-28T15:24:47.509346" elapsed="0.000997"/>
</kw>
<kw name="Wait Until Element Is Visible" owner="SeleniumLibrary">
<arg>${PARTNERS_ADD_SAVE}</arg>
<arg>timeout=3s</arg>
<doc>Waits until the element ``locator`` is visible.</doc>
<status status="PASS" start="2024-03-28T15:24:47.511341" elapsed="0.027416"/>
</kw>
<kw name="Click Element" owner="SeleniumLibrary">
<msg time="2024-03-28T15:24:47.539766" level="INFO">Clicking element '//button[@class='e-control e-btn e-lib e-control e-btn e-lib e-primary e-flat']'.</msg>
<arg>${PARTNERS_ADD_SAVE}</arg>
<doc>Click the element identified by ``locator``.</doc>
<status status="PASS" start="2024-03-28T15:24:47.538757" elapsed="0.077166"/>
</kw>
<kw name="Wait Until Element Is Visible" owner="SeleniumLibrary">
<arg>${LOCATIONS_BUTTON}</arg>
<arg>timeout=3s</arg>
<doc>Waits until the element ``locator`` is visible.</doc>
<status status="PASS" start="2024-03-28T15:24:47.617173" elapsed="0.039064"/>
</kw>
<kw name="Sleep" owner="BuiltIn">
<msg time="2024-03-28T15:24:50.658446" level="INFO">Slept 3 seconds.</msg>
<arg>3s</arg>
<doc>Pauses the test executed for the given time.</doc>
<status status="PASS" start="2024-03-28T15:24:47.657242" elapsed="3.001204"/>
</kw>
<kw name="Click Element" owner="SeleniumLibrary">
<msg time="2024-03-28T15:24:50.661571" level="INFO">Clicking element '//a[contains(.,'Telephelyek')]'.</msg>
<arg>${LOCATIONS_BUTTON}</arg>
<doc>Click the element identified by ``locator``.</doc>
<status status="PASS" start="2024-03-28T15:24:50.660529" elapsed="0.113282"/>
</kw>
<kw name="Wait Until Element Is Enabled" owner="SeleniumLibrary">
<arg>${LOCATIONS_ADD_BUTTON}</arg>
<arg>timeout=3s</arg>
<doc>Waits until the element ``locator`` is enabled.</doc>
<status status="PASS" start="2024-03-28T15:24:50.775803" elapsed="0.053815"/>
</kw>
<kw name="Click Element" owner="SeleniumLibrary">
<msg time="2024-03-28T15:24:50.830335" level="INFO">Clicking element '//span[.='Add']'.</msg>
<arg>${LOCATIONS_ADD_BUTTON}</arg>
<doc>Click the element identified by ``locator``.</doc>
<status status="PASS" start="2024-03-28T15:24:50.830335" elapsed="0.066988"/>
</kw>
<kw name="Wait Until Element Is Visible" owner="SeleniumLibrary">
<msg time="2024-03-28T15:24:56.177819" level="INFO" html="true">&lt;/td&gt;&lt;/tr&gt;&lt;tr&gt;&lt;td colspan="3"&gt;&lt;a href="selenium-screenshot-587.png"&gt;&lt;img src="selenium-screenshot-587.png" width="800px"&gt;&lt;/a&gt;</msg>
<msg time="2024-03-28T15:24:56.177819" level="FAIL">Element '//input[@class='e-control e-combobox e-lib e-input']' not visible after 5 seconds.</msg>
<arg>${LOCATIONS_ADD_CUSTOMER}</arg>
<arg>timeout=5s</arg>
<doc>Waits until the element ``locator`` is visible.</doc>
<status status="FAIL" start="2024-03-28T15:24:50.897323" elapsed="5.288399">Element '//input[@class='e-control e-combobox e-lib e-input']' not visible after 5 seconds.</status>
</kw>
<kw name="Click Element" owner="SeleniumLibrary">
<arg>${LOCATIONS_CUSTOMER_DROPDOWN}</arg>
<doc>Click the element identified by ``locator``.</doc>
<status status="NOT RUN" start="2024-03-28T15:24:56.186719" elapsed="0.000996"/>
</kw>
<kw name="Input Text" owner="SeleniumLibrary">
<arg>${LOCATIONS_ADD_CUSTOMER}</arg>
<arg>${first_name} ${last_name}</arg>
<doc>Types the given ``text`` into the text field identified by ``locator``.</doc>
<status status="NOT RUN" start="2024-03-28T15:24:56.188713" elapsed="0.000000"/>
</kw>
<kw name="Click Element" owner="SeleniumLibrary">
<arg>${LOCATIONS_CUSTOMER_DROPDOWN}</arg>
<doc>Click the element identified by ``locator``.</doc>
<status status="NOT RUN" start="2024-03-28T15:24:56.189709" elapsed="0.000995"/>
</kw>
<kw name="Set Variable" owner="BuiltIn">
<var>${partner_city}</var>
<arg>${user_data}[0][address][city]</arg>
<doc>Returns the given values which can then be assigned to a variables.</doc>
<status status="NOT RUN" start="2024-03-28T15:24:56.191701" elapsed="0.000000"/>
</kw>
<kw name="Click Element" owner="SeleniumLibrary">
<arg>${LOCATIONS_ADD_CITY}</arg>
<doc>Click the element identified by ``locator``.</doc>
<status status="NOT RUN" start="2024-03-28T15:24:56.192697" elapsed="0.000000"/>
</kw>
<kw name="Input Text" owner="SeleniumLibrary">
<arg>${LOCATIONS_ADD_CITY}</arg>
<arg>${partner_city}</arg>
<doc>Types the given ``text`` into the text field identified by ``locator``.</doc>
<status status="NOT RUN" start="2024-03-28T15:24:56.193694" elapsed="0.000000"/>
</kw>
<kw name="Get Element Attribute" owner="SeleniumLibrary">
<var>${partner_city_value}</var>
<arg>${LOCATIONS_ADD_CITY}</arg>
<arg>value</arg>
<doc>Returns the value of ``attribute`` from the element ``locator``.</doc>
<status status="NOT RUN" start="2024-03-28T15:24:56.194691" elapsed="0.000996"/>
</kw>
<kw name="Should Be Equal As Strings" owner="BuiltIn">
<arg>${partner_city_value}</arg>
<arg>${partner_city}</arg>
<doc>Fails if objects are unequal after converting them to strings.</doc>
<status status="NOT RUN" start="2024-03-28T15:24:56.196684" elapsed="0.000000"/>
</kw>
<kw name="Set Variable" owner="BuiltIn">
<var>${partner_zip_code}</var>
<arg>${user_data}[0][address][zip_code]</arg>
<doc>Returns the given values which can then be assigned to a variables.</doc>
<status status="NOT RUN" start="2024-03-28T15:24:56.197683" elapsed="0.000000"/>
</kw>
<kw name="Click Element" owner="SeleniumLibrary">
<arg>${LOCATIONS_ADD_ZIP}</arg>
<doc>Click the element identified by ``locator``.</doc>
<status status="NOT RUN" start="2024-03-28T15:24:56.198714" elapsed="0.000000"/>
</kw>
<kw name="Input Text" owner="SeleniumLibrary">
<arg>${LOCATIONS_ADD_ZIP}</arg>
<arg>${partner_zip_code}</arg>
<doc>Types the given ``text`` into the text field identified by ``locator``.</doc>
<status status="NOT RUN" start="2024-03-28T15:24:56.198714" elapsed="0.000963"/>
</kw>
<kw name="Get Element Attribute" owner="SeleniumLibrary">
<var>${partner_zip_code_value}</var>
<arg>${LOCATIONS_ADD_ZIP}</arg>
<arg>value</arg>
<doc>Returns the value of ``attribute`` from the element ``locator``.</doc>
<status status="NOT RUN" start="2024-03-28T15:24:56.199677" elapsed="0.000000"/>
</kw>
<kw name="Should Be Equal As Integers" owner="BuiltIn">
<arg>${partner_zip_code_value}</arg>
<arg>${partner_zip_code}</arg>
<doc>Fails if objects are unequal after converting them to integers.</doc>
<status status="NOT RUN" start="2024-03-28T15:24:56.199677" elapsed="0.000996"/>
</kw>
<kw name="Set Variable" owner="BuiltIn">
<var>${partner_street_name}</var>
<arg>${user_data}[0][address][street_name]</arg>
<doc>Returns the given values which can then be assigned to a variables.</doc>
<status status="NOT RUN" start="2024-03-28T15:24:56.200673" elapsed="0.000000"/>
</kw>
<kw name="Click Element" owner="SeleniumLibrary">
<arg>${LOCATIONS_ADD_STREET}</arg>
<doc>Click the element identified by ``locator``.</doc>
<status status="NOT RUN" start="2024-03-28T15:24:56.200673" elapsed="0.000997"/>
</kw>
<kw name="Input Text" owner="SeleniumLibrary">
<arg>${LOCATIONS_ADD_STREET}</arg>
<arg>${partner_street_name}</arg>
<doc>Types the given ``text`` into the text field identified by ``locator``.</doc>
<status status="NOT RUN" start="2024-03-28T15:24:56.201670" elapsed="0.000000"/>
</kw>
<kw name="Get Element Attribute" owner="SeleniumLibrary">
<var>${partner_street_name_value}</var>
<arg>${LOCATIONS_ADD_STREET}</arg>
<arg>value</arg>
<doc>Returns the value of ``attribute`` from the element ``locator``.</doc>
<status status="NOT RUN" start="2024-03-28T15:24:56.201670" elapsed="0.000996"/>
</kw>
<kw name="Should Be Equal As Strings" owner="BuiltIn">
<arg>${partner_street_name_value}</arg>
<arg>${partner_street_name}</arg>
<doc>Fails if objects are unequal after converting them to strings.</doc>
<status status="NOT RUN" start="2024-03-28T15:24:56.202666" elapsed="0.000000"/>
</kw>
<kw name="Set Variable" owner="BuiltIn">
<var>${partner_street_number}</var>
<arg>${user_data}[0][address][street_address]</arg>
<doc>Returns the given values which can then be assigned to a variables.</doc>
<status status="NOT RUN" start="2024-03-28T15:24:56.202666" elapsed="0.000996"/>
</kw>
<kw name="Click Element" owner="SeleniumLibrary">
<arg>${LOCATIONS_ADD_STREET_NUMBER}</arg>
<doc>Click the element identified by ``locator``.</doc>
<status status="NOT RUN" start="2024-03-28T15:24:56.203662" elapsed="0.000000"/>
</kw>
<kw name="Input Text" owner="SeleniumLibrary">
<arg>${LOCATIONS_ADD_STREET_NUMBER}</arg>
<arg>${partner_street_number}</arg>
<doc>Types the given ``text`` into the text field identified by ``locator``.</doc>
<status status="NOT RUN" start="2024-03-28T15:24:56.203662" elapsed="0.000000"/>
</kw>
<kw name="Get Element Attribute" owner="SeleniumLibrary">
<var>${partner_street_number_value}</var>
<arg>${LOCATIONS_ADD_STREET_NUMBER}</arg>
<arg>value</arg>
<doc>Returns the value of ``attribute`` from the element ``locator``.</doc>
<status status="NOT RUN" start="2024-03-28T15:24:56.204660" elapsed="0.000000"/>
</kw>
<kw name="Should Be Equal As Integers" owner="BuiltIn">
<arg>${partner_street_number_value}</arg>
<arg>${partner_street_number}</arg>
<doc>Fails if objects are unequal after converting them to integers.</doc>
<status status="NOT RUN" start="2024-03-28T15:24:56.204660" elapsed="0.000000"/>
</kw>
<kw name="Wait Until Element Is Visible" owner="SeleniumLibrary">
<arg>${LOCATIONS_ADD_SAVE}</arg>
<arg>timeout=3s</arg>
<doc>Waits until the element ``locator`` is visible.</doc>
<status status="NOT RUN" start="2024-03-28T15:24:56.205656" elapsed="0.000000"/>
</kw>
<kw name="Click Element" owner="SeleniumLibrary">
<arg>${LOCATIONS_ADD_SAVE}</arg>
<doc>Click the element identified by ``locator``.</doc>
<status status="NOT RUN" start="2024-03-28T15:24:56.205656" elapsed="0.000000"/>
</kw>
<kw name="GET" owner="RequestsLibrary">
<var>${response}</var>
<arg>${API_URL_2}</arg>
<arg>params=size=2</arg>
<doc>Sends a GET request.</doc>
<status status="NOT RUN" start="2024-03-28T15:24:56.205656" elapsed="0.000996"/>
</kw>
<kw name="Set Variable" owner="BuiltIn">
<var>${tools_data}</var>
<arg>${response.json()}</arg>
<doc>Returns the given values which can then be assigned to a variables.</doc>
<status status="NOT RUN" start="2024-03-28T15:24:56.206652" elapsed="0.000000"/>
</kw>
<kw name="Wait Until Element Is Visible" owner="SeleniumLibrary">
<arg>${TOOLS_BUTTON}</arg>
<arg>timeout=3s</arg>
<doc>Waits until the element ``locator`` is visible.</doc>
<status status="NOT RUN" start="2024-03-28T15:24:56.206652" elapsed="0.000000"/>
</kw>
<kw name="Click Element" owner="SeleniumLibrary">
<arg>${TOOLS_BUTTON}</arg>
<doc>Click the element identified by ``locator``.</doc>
<status status="NOT RUN" start="2024-03-28T15:24:56.207650" elapsed="0.000000"/>
</kw>
<kw name="Wait Until Element Is Visible" owner="SeleniumLibrary">
<arg>${TOOLS_ADD_BUTTON}</arg>
<doc>Waits until the element ``locator`` is visible.</doc>
<status status="NOT RUN" start="2024-03-28T15:24:56.207650" elapsed="0.000000"/>
</kw>
<kw name="Click Element" owner="SeleniumLibrary">
<arg>${TOOLS_ADD_BUTTON}</arg>
<doc>Click the element identified by ``locator``.</doc>
<status status="NOT RUN" start="2024-03-28T15:24:56.207650" elapsed="0.000996"/>
</kw>
<kw name="Wait Until Element Is Visible" owner="SeleniumLibrary">
<arg>${TOOLS_USER_NAME_INPUT}</arg>
<doc>Waits until the element ``locator`` is visible.</doc>
<status status="NOT RUN" start="2024-03-28T15:24:56.208646" elapsed="0.000000"/>
</kw>
<kw name="Wait Until Element Is Enabled" owner="SeleniumLibrary">
<arg>${TOOLS_SAVE_BUTTON}</arg>
<arg>timeout=3s</arg>
<doc>Waits until the element ``locator`` is enabled.</doc>
<status status="NOT RUN" start="2024-03-28T15:24:56.208646" elapsed="0.000997"/>
</kw>
<kw name="Input Text" owner="SeleniumLibrary">
<arg>${TOOLS_USER_NAME_INPUT}</arg>
<arg>${first_name} ${last_name}</arg>
<doc>Types the given ``text`` into the text field identified by ``locator``.</doc>
<status status="NOT RUN" start="2024-03-28T15:24:56.209643" elapsed="0.000000"/>
</kw>
<kw name="Click Element" owner="SeleniumLibrary">
<arg>${TOOLS_USER_NAME_DROP_DOWN}</arg>
<doc>Click the element identified by ``locator``.</doc>
<status status="NOT RUN" start="2024-03-28T15:24:56.209643" elapsed="0.000000"/>
</kw>
<kw name="Set Variable" owner="BuiltIn">
<var>${tools_'neve'}</var>
<arg>${tools_data}[0][manufacturer] [model]</arg>
<doc>Returns the given values which can then be assigned to a variables.</doc>
<status status="NOT RUN" start="2024-03-28T15:24:56.210639" elapsed="0.000000"/>
</kw>
<kw name="Click Element" owner="SeleniumLibrary">
<arg>${TOOLS_'NEVE'_INPUT}</arg>
<doc>Click the element identified by ``locator``.</doc>
<status status="NOT RUN" start="2024-03-28T15:24:56.210639" elapsed="0.000000"/>
</kw>
<kw name="Input Text" owner="SeleniumLibrary">
<arg>${TOOLS_'NEVE'_INPUT}</arg>
<arg>${tools_'neve'}</arg>
<doc>Types the given ``text`` into the text field identified by ``locator``.</doc>
<status status="NOT RUN" start="2024-03-28T15:24:56.211636" elapsed="0.000000"/>
</kw>
<kw name="Get Element Attribute" owner="SeleniumLibrary">
<var>${tools_'neve'_value}</var>
<arg>${TOOLS_'NEVE'_INPUT}</arg>
<arg>value</arg>
<doc>Returns the value of ``attribute`` from the element ``locator``.</doc>
<status status="NOT RUN" start="2024-03-28T15:24:56.211636" elapsed="0.000000"/>
</kw>
<kw name="Should Be Equal As Strings" owner="BuiltIn">
<arg>${tools_'neve'_value}</arg>
<arg>${tools_'neve'}</arg>
<doc>Fails if objects are unequal after converting them to strings.</doc>
<status status="NOT RUN" start="2024-03-28T15:24:56.211636" elapsed="0.000997"/>
</kw>
<kw name="Set Variable" owner="BuiltIn">
<var>${tools_'leiras'}</var>
<arg>${tools_data}[0][platform]</arg>
<doc>Returns the given values which can then be assigned to a variables.</doc>
<status status="NOT RUN" start="2024-03-28T15:24:56.213638" elapsed="0.000000"/>
</kw>
<kw name="Click Element" owner="SeleniumLibrary">
<arg>${TOOLS_'LEIRAS'_INPUT}</arg>
<doc>Click the element identified by ``locator``.</doc>
<status status="NOT RUN" start="2024-03-28T15:24:56.214626" elapsed="0.000000"/>
</kw>
<kw name="Input Text" owner="SeleniumLibrary">
<arg>${TOOLS_'LEIRAS'_INPUT}</arg>
<arg>${tools'leiras'}</arg>
<doc>Types the given ``text`` into the text field identified by ``locator``.</doc>
<status status="NOT RUN" start="2024-03-28T15:24:56.214626" elapsed="0.000996"/>
</kw>
<kw name="Get Element Attribute" owner="SeleniumLibrary">
<var>${tools'leiras'_value}</var>
<arg>${TOOLS_'LEIRAS'_INPUT}</arg>
<arg>value</arg>
<doc>Returns the value of ``attribute`` from the element ``locator``.</doc>
<status status="NOT RUN" start="2024-03-28T15:24:56.215622" elapsed="0.000997"/>
</kw>
<kw name="Should Be Equal As Strings" owner="BuiltIn">
<arg>${tools'leiras'_value}</arg>
<arg>${tools_'leiras'}</arg>
<doc>Fails if objects are unequal after converting them to strings.</doc>
<status status="NOT RUN" start="2024-03-28T15:24:56.216619" elapsed="0.001020"/>
</kw>
<kw name="Set Variable" owner="BuiltIn">
<var>${tools_'megjegyzes'}</var>
<arg>${tools_data}[0][serial_number]</arg>
<doc>Returns the given values which can then be assigned to a variables.</doc>
<status status="NOT RUN" start="2024-03-28T15:24:56.217639" elapsed="0.000973"/>
</kw>
<kw name="Click Element" owner="SeleniumLibrary">
<arg>${TOOLS_'MEGJEGYZES'_INPUT}</arg>
<doc>Click the element identified by ``locator``.</doc>
<status status="NOT RUN" start="2024-03-28T15:24:56.218612" elapsed="0.000997"/>
</kw>
<kw name="Input Text" owner="SeleniumLibrary">
<arg>${TOOLS_'LEIRAS'_INPUT}</arg>
<arg>${tools'megjegyzes'}</arg>
<doc>Types the given ``text`` into the text field identified by ``locator``.</doc>
<status status="NOT RUN" start="2024-03-28T15:24:56.220606" elapsed="0.000000"/>
</kw>
<kw name="Get Element Attribute" owner="SeleniumLibrary">
<var>${tools'megjegyzes'_value}</var>
<arg>${TOOLS_'MEGJEGYZES'_INPUT}</arg>
<arg>value</arg>
<doc>Returns the value of ``attribute`` from the element ``locator``.</doc>
<status status="NOT RUN" start="2024-03-28T15:24:56.221603" elapsed="0.000000"/>
</kw>
<kw name="Should Be Equal As Strings" owner="BuiltIn">
<arg>${tools'megjegyzes'_value}</arg>
<arg>${tools_'megjegyzes'}</arg>
<doc>Fails if objects are unequal after converting them to strings.</doc>
<status status="NOT RUN" start="2024-03-28T15:24:56.221603" elapsed="0.001383"/>
</kw>
<kw name="Wait Until Element Is Visible" owner="SeleniumLibrary">
<arg>${TOOLS_SAVE_BUTTON}</arg>
<arg>timeout=3s</arg>
<doc>Waits until the element ``locator`` is visible.</doc>
<status status="NOT RUN" start="2024-03-28T15:24:56.222986" elapsed="0.000000"/>
</kw>
<kw name="Click Element" owner="SeleniumLibrary">
<arg>${TOOLS_SAVE_BUTTON}</arg>
<doc>Click the element identified by ``locator``.</doc>
<status status="NOT RUN" start="2024-03-28T15:24:56.224092" elapsed="0.000000"/>
</kw>
<kw name="Wait Until Element Is Visible" owner="SeleniumLibrary">
<arg>${TOOLS_EXCEL_EXPORT_MENU}</arg>
<arg>timeout=3s</arg>
<doc>Waits until the element ``locator`` is visible.</doc>
<status status="NOT RUN" start="2024-03-28T15:24:56.224092" elapsed="0.001267"/>
</kw>
<kw name="Click Element" owner="SeleniumLibrary">
<arg>${TOOLS_EXCEL_EXPORT_MENU}</arg>
<doc>Click the element identified by ``locator``.</doc>
<status status="NOT RUN" start="2024-03-28T15:24:56.225359" elapsed="0.000000"/>
</kw>
<kw name="Wait Until Element Is Visible" owner="SeleniumLibrary">
<arg>${LOCATIONS_BUTTON}</arg>
<arg>timeout=3s</arg>
<doc>Waits until the element ``locator`` is visible.</doc>
<status status="NOT RUN" start="2024-03-28T15:24:56.226386" elapsed="0.000000"/>
</kw>
<kw name="Click Element" owner="SeleniumLibrary">
<arg>${LOCATIONS_BUTTON}</arg>
<doc>Click the element identified by ``locator``.</doc>
<status status="NOT RUN" start="2024-03-28T15:24:56.227365" elapsed="0.001038"/>
</kw>
<kw name="Wait Until Element Is Visible" owner="SeleniumLibrary">
<arg>${LOCATIONS_SEARCH_INPUT}</arg>
<arg>timeout=3s</arg>
<doc>Waits until the element ``locator`` is visible.</doc>
<status status="NOT RUN" start="2024-03-28T15:24:56.229455" elapsed="0.000000"/>
</kw>
<kw name="Click Element" owner="SeleniumLibrary">
<arg>${LOCATIONS_SEARCH_INPUT}</arg>
<doc>Click the element identified by ``locator``.</doc>
<status status="NOT RUN" start="2024-03-28T15:24:56.230471" elapsed="0.000000"/>
</kw>
<kw name="Input Text" owner="SeleniumLibrary">
<arg>${LOCATIONS_SEARCH_INPUT}</arg>
<arg>${first_name} ${last_name}</arg>
<doc>Types the given ``text`` into the text field identified by ``locator``.</doc>
<status status="NOT RUN" start="2024-03-28T15:24:56.231484" elapsed="0.000000"/>
</kw>
<kw name="Get Element Attribute" owner="SeleniumLibrary">
<var>${name_value}</var>
<arg>${LOCATIONS_SEARCH_INPUT}</arg>
<arg>value</arg>
<doc>Returns the value of ``attribute`` from the element ``locator``.</doc>
<status status="NOT RUN" start="2024-03-28T15:24:56.232456" elapsed="0.000000"/>
</kw>
<kw name="Should Be Equal As Strings" owner="BuiltIn">
<arg>${name_value}</arg>
<arg>${first_name} ${last_name}</arg>
<doc>Fails if objects are unequal after converting them to strings.</doc>
<status status="NOT RUN" start="2024-03-28T15:24:56.233393" elapsed="0.000000"/>
</kw>
<kw name="Wait Until Element Is Visible" owner="SeleniumLibrary">
<arg>${LOCATION_SEARCH_BUTTON}</arg>
<arg>timeout=3s</arg>
<doc>Waits until the element ``locator`` is visible.</doc>
<status status="NOT RUN" start="2024-03-28T15:24:56.234390" elapsed="0.000000"/>
</kw>
<kw name="Click Element" owner="SeleniumLibrary">
<arg>${LOCATION_SEARCH_BUTTON}</arg>
<doc>Click the element identified by ``locator``.</doc>
<status status="NOT RUN" start="2024-03-28T15:24:56.235384" elapsed="0.000000"/>
</kw>
<kw name="Wait Until Element Is Visible" owner="SeleniumLibrary">
<arg>${LOCATION_NAVIGATION_BUTTON}</arg>
<doc>Waits until the element ``locator`` is visible.</doc>
<status status="NOT RUN" start="2024-03-28T15:24:56.237378" elapsed="0.001058"/>
</kw>
<kw name="Click Element" owner="SeleniumLibrary">
<arg>${LOCATION_NAVIGATION_BUTTON}</arg>
<doc>Click the element identified by ``locator``.</doc>
<status status="NOT RUN" start="2024-03-28T15:24:56.238436" elapsed="0.000978"/>
</kw>
<kw name="Test Teardown" owner="common_resources">
<status status="NOT RUN" start="2024-03-28T15:24:56.239414" elapsed="0.000993"/>
</kw>
<status status="FAIL" start="2024-03-28T15:24:31.405999" elapsed="24.835400">Element '//input[@class='e-control e-combobox e-lib e-input']' not visible after 5 seconds.</status>
</test>
<status status="FAIL" start="2024-03-28T15:24:31.092496" elapsed="25.151884"/>
</suite>
<status status="FAIL" start="2024-03-28T15:24:31.088566" elapsed="25.158778"/>
</suite>
<status status="FAIL" start="2024-03-28T15:24:31.061636" elapsed="25.188698"/>
</suite>
<statistics>
<total>
<stat pass="0" fail="1" skip="0">All Tests</stat>
</total>
<tag>
</tag>
<suite>
<stat pass="0" fail="1" skip="0" id="s1" name="Bwpool Project">Bwpool Project</stat>
<stat pass="0" fail="1" skip="0" id="s1-s1" name="Tests">Bwpool Project.Tests</stat>
<stat pass="0" fail="1" skip="0" id="s1-s1-s1" name="Bwpool Tests">Bwpool Project.Tests.Bwpool Tests</stat>
</suite>
</statistics>
<errors>
</errors>
</robot>
